[debug] [2018-04-06T01:43:30.666Z] ----------------------------------------------------------------------
[debug] [2018-04-06T01:43:30.668Z] Command:       C:\Program Files\nodejs\node.exe C:\Users\Katey Yawney\AppData\Roaming\npm\node_modules\firebase-tools\bin\firebase init
[debug] [2018-04-06T01:43:30.669Z] CLI Version:   3.18.1
[debug] [2018-04-06T01:43:30.669Z] Platform:      win32
[debug] [2018-04-06T01:43:30.669Z] Node Version:  v8.9.3
[debug] [2018-04-06T01:43:30.670Z] Time:          Thu Apr 05 2018 21:43:30 GMT-0400 (Eastern Daylight Time)
[debug] [2018-04-06T01:43:30.670Z] ----------------------------------------------------------------------
[debug] 
[debug] [2018-04-06T01:43:30.683Z] > command requires scopes: ["email","openid","https://www.googleapis.com/auth/cloudplatformprojects.readonly","https://www.googleapis.com/auth/firebase"]
[debug] [2018-04-06T01:43:30.683Z] > authorizing via signed-in user
[info] 
     ######## #### ########  ######## ########     ###     ######  ########
     ##        ##  ##     ## ##       ##     ##  ##   ##  ##       ##
     ######    ##  ########  ######   ########  #########  ######  ######
     ##        ##  ##    ##  ##       ##     ## ##     ##       ## ##
     ##       #### ##     ## ######## ########  ##     ##  ######  ########

You're about to initialize a Firebase project in this directory:

  C:\1 projects\ravenous

Before we get started, keep in mind:

  * You are currently outside your home directory

